21/06/25 04:40:00 AM Saturday - BasePage - INFO : Element found with LocatorType: id with the locatorValue :com.code2lead.kwad:id/ContactUs
21/06/25 04:40:03 AM Saturday - BasePage - INFO : Clicked on Element with LocatorType: id and with the locatorValue :com.code2lead.kwad:id/ContactUs
21/06/25 04:40:05 AM Saturday - BasePage - INFO : Element found with LocatorType: text with the locatorValue :Contact Us form
21/06/25 04:40:06 AM Saturday - BasePage - INFO :  Element with LocatorType: text and with the locatorValue :Contact Us formis displayed 
21/06/25 04:40:06 AM Saturday - BasePage - INFO : Element found with LocatorType: text with the locatorValue :Enter Name
21/06/25 04:40:06 AM Saturday - BasePage - INFO : Send text  on Element with LocatorType: text and with the locatorValue :Enter Name
21/06/25 04:40:07 AM Saturday - BasePage - INFO : Element found with LocatorType: text with the locatorValue :Enter Email
21/06/25 04:40:07 AM Saturday - BasePage - INFO : Send text  on Element with LocatorType: text and with the locatorValue :Enter Email
21/06/25 04:40:08 AM Saturday - BasePage - INFO : Element found with LocatorType: text with the locatorValue :Enter Address
21/06/25 04:40:08 AM Saturday - BasePage - INFO : Send text  on Element with LocatorType: text and with the locatorValue :Enter Address
21/06/25 04:40:09 AM Saturday - BasePage - INFO : Element found with LocatorType: index with the locatorValue :4
21/06/25 04:40:09 AM Saturday - BasePage - INFO : Send text  on Element with LocatorType: index and with the locatorValue :4
21/06/25 04:40:10 AM Saturday - BasePage - INFO : Element found with LocatorType: text with the locatorValue :SUBMIT
21/06/25 04:40:11 AM Saturday - BasePage - INFO : Clicked on Element with LocatorType: text and with the locatorValue :SUBMIT
21/06/25 04:40:47 AM Saturday - BasePage - INFO : Element found with LocatorType: id with the locatorValue :com.code2lead.kwad:id/Login
21/06/25 04:40:48 AM Saturday - BasePage - INFO : Clicked on Element with LocatorType: id and with the locatorValue :com.code2lead.kwad:id/Login
21/06/25 04:40:51 AM Saturday - BasePage - INFO : Element found with LocatorType: index with the locatorValue :3
21/06/25 04:40:51 AM Saturday - BasePage - INFO : Send text  on Element with LocatorType: index and with the locatorValue :3
21/06/25 04:40:52 AM Saturday - BasePage - INFO : Element found with LocatorType: text with the locatorValue :Enter Password
21/06/25 04:40:53 AM Saturday - BasePage - INFO : Send text  on Element with LocatorType: text and with the locatorValue :Enter Password
21/06/25 04:40:53 AM Saturday - BasePage - INFO : Element found with LocatorType: id with the locatorValue :com.code2lead.kwad:id/Btn3
21/06/25 04:40:53 AM Saturday - BasePage - INFO : Clicked on Element with LocatorType: id and with the locatorValue :com.code2lead.kwad:id/Btn3
21/06/25 04:41:19 AM Saturday - BasePage - INFO : Element not found with LocatorType: text and with the locatorValue :Enter Admin
21/06/25 04:41:19 AM Saturday - BasePage - INFO :  Element with LocatorType: text and with the locatorValue :Enter Admin is not displayed
